Log file open, 08/26/18 13:40:20
LogInit:Display: Running engine for game: EAE3010_A1_Parry
LogPlatformFile: Not using cached read wrapper
LogInit:Display: RandInit(-507836234) SRandInit(-507836234).
LogTaskGraph: Started task graph with 5 named threads and 6 total threads with 1 sets of task threads.
LogStats: Stats thread started at 0.063998
LogInit: Using libcurl 7.47.1
LogInit:  - built for x86_64-pc-win32
LogInit:  - supports SSL with OpenSSL/1.0.2g
LogInit:  - supports HTTP deflate (compression) using libz 1.2.8
LogInit:  - other features:
LogInit:      CURL_VERSION_SSL
LogInit:      CURL_VERSION_LIBZ
LogInit:      CURL_VERSION_IPV6
LogInit:      CURL_VERSION_ASYNCHDNS
LogInit:      CURL_VERSION_LARGEFILE
LogInit:      CURL_VERSION_IDN
LogInit:  CurlRequestOptions (configurable via config and command line):
LogInit:  - bVerifyPeer = false  - Libcurl will NOT verify peer certificate
LogInit:  - bUseHttpProxy = false  - Libcurl will NOT use HTTP proxy
LogInit:  - bDontReuseConnections = false  - Libcurl will reuse connections
LogInit:  - CertBundlePath = nullptr  - Libcurl will use whatever was configured at build time.
LogInit: Build: ++UE4+Release-4.15-CL-3348071
LogInit: Engine Version: 4.15.1-3348071+++UE4+Release-4.15
LogInit: Compatible Engine Version: 4.15.0-3299760+++UE4+Release-4.15
LogInit: Net CL: 3299760
LogDevObjectVersion: Number of dev versions registered: 14
LogDevObjectVersion:   Dev-Blueprints (B0D832E4-1F89-4F0D-ACCF-7EB736FD4AA2): 8
LogDevObjectVersion:   Dev-Build (E1C64328-A22C-4D53-A36C-8E866417BD8C): 0
LogDevObjectVersion:   Dev-Core (375EC13C-06E4-48FB-B500-84F0262A717E): 2
LogDevObjectVersion:   Dev-Editor (E4B068ED-F494-42E9-A231-DA0B2E46BB41): 14
LogDevObjectVersion:   Dev-Framework (CFFC743F-43B0-4480-9391-14DF171D2073): 22
LogDevObjectVersion:   Dev-Mobile (B02B49B5-BB20-44E9-A304-32B752E40360): 0
LogDevObjectVersion:   Dev-Networking (A4E4105C-59A1-49B5-A7C5-40C4547EDFEE): 0
LogDevObjectVersion:   Dev-Online (39C831C9-5AE6-47DC-9A44-9C173E1C8E7C): 0
LogDevObjectVersion:   Dev-Physics (78F01B33-EBEA-4F98-B9B4-84EACCB95AA2): 0
LogDevObjectVersion:   Dev-Platform (6631380F-2D4D-43E0-8009-CF276956A95A): 0
LogDevObjectVersion:   Dev-Rendering (12F88B9F-8875-4AFC-A67C-D90C383ABD29): 12
LogDevObjectVersion:   Dev-Sequencer (7B5AE74C-D270-4C10-A958-57980B212A5A): 3
LogDevObjectVersion:   Dev-VR (D7296918-1DD6-4BDD-9DE2-64A83CC13884): 0
LogDevObjectVersion:   Dev-LoadTimes (C2A15278-BFE7-4AFE-6C17-90FF531DF755): 1
LogInit: Compiled (64-bit): Mar 15 2017 16:52:47
LogInit: Compiled with Visual C++: 19.00.23026.00
LogInit: Build Configuration: Development
LogInit: Branch Name: ++UE4+Release-4.15
LogInit: Command line: -EpicPortal 
LogInit: Base directory: C:/Program Files/Epic Games/UE_4.15/Engine/Binaries/Win64/
LogInit: Installed Engine Build: 1
LogInit: Presizing for max 8388607 objects, including 0 objects not considered by GC, pre-allocating 0 bytes for permanent pool.
LogInit: Object subsystem initialized
[2018.08.26-19.40.21:975][  0]LogInit: Selected Device Profile: [Windows]
[2018.08.26-19.40.21:975][  0]LogInit: Applying CVar settings loaded from the selected device profile: [Windows]
[2018.08.26-19.40.22:023][  0]LogInit: Computer: DESKTOP-MRGEKD1
[2018.08.26-19.40.22:023][  0]LogInit: User: Evan
[2018.08.26-19.40.22:023][  0]LogInit: CPU Page size=65536, Cores=2
[2018.08.26-19.40.22:023][  0]LogInit: High frequency timer resolution =3.609380 MHz
[2018.08.26-19.40.22:023][  0]LogMemory: Memory total: Physical=8.0GB (8GB approx)
[2018.08.26-19.40.22:023][  0]LogMemory: Platform Memory Stats for Windows
[2018.08.26-19.40.22:023][  0]LogMemory: Process Physical Memory: 261.95 MB used, 261.95 MB peak
[2018.08.26-19.40.22:023][  0]LogMemory: Process Virtual Memory: 261.88 MB used, 261.88 MB peak
[2018.08.26-19.40.22:023][  0]LogMemory: Physical Memory: 5337.70 MB used,  2809.82 MB free, 8147.52 MB total
[2018.08.26-19.40.22:023][  0]LogMemory: Virtual Memory: 4773.83 MB used,  2809.82 MB free, 134217728.00 MB total
[2018.08.26-19.40.22:205][  0]LogTextLocalizationManager: No specific translations for ('en-US') exist, so ('en') translations will be used.
[2018.08.26-19.40.33:954][  0]LogD3D11RHI: D3D11 adapters:
[2018.08.26-19.40.34:206][  0]LogD3D11RHI:    0. 'NVIDIA GeForce GTX 1050 Ti' (Feature Level 11_0)
[2018.08.26-19.40.34:206][  0]LogD3D11RHI:       4018/0/4073 MB DedicatedVideo/DedicatedSystem/SharedSystem, Outputs:1, VendorId:0x10de
[2018.08.26-19.40.34:209][  0]LogD3D11RHI:    1. 'Microsoft Basic Render Driver' (Feature Level 11_0)
[2018.08.26-19.40.34:209][  0]LogD3D11RHI:       0/0/4073 MB DedicatedVideo/DedicatedSystem/SharedSystem, Outputs:0, VendorId:0x1414
[2018.08.26-19.40.34:209][  0]LogD3D11RHI: Chosen D3D11 Adapter: 0
[2018.08.26-19.40.34:237][  0]LogD3D11RHI: Creating new Direct3DDevice
[2018.08.26-19.40.34:238][  0]LogD3D11RHI:     GPU DeviceId: 0x1c82 (for the marketing name, search the web for "GPU Device Id")
[2018.08.26-19.40.34:238][  0]LogWindows: EnumDisplayDevices:
[2018.08.26-19.40.34:238][  0]LogWindows:    0. 'NVIDIA GeForce GTX 1050 Ti' (P:1 D:1)
[2018.08.26-19.40.34:238][  0]LogWindows:    1. 'NVIDIA GeForce GTX 1050 Ti' (P:0 D:0)
[2018.08.26-19.40.34:238][  0]LogWindows:    2. 'NVIDIA GeForce GTX 1050 Ti' (P:0 D:0)
[2018.08.26-19.40.34:238][  0]LogWindows:    3. 'NVIDIA GeForce GTX 1050 Ti' (P:0 D:0)
[2018.08.26-19.40.34:239][  0]LogWindows: DebugString: GetVideoDriverDetailsInvalid PrimaryIsNotTheChoosenAdapter GetVideoDriverDetailsInvalid PrimaryIsNotTheChoosenAdapter GetVideoDriverDetailsInvalid PrimaryIsNotTheChoosenAdapter GetVideoDriverDetailsInvalid PrimaryIsNotTheChoosenAdapter FoundDriverCount:0 
[2018.08.26-19.40.34:239][  0]LogD3D11RHI:     Adapter Name: NVIDIA GeForce GTX 1050 Ti
[2018.08.26-19.40.34:239][  0]LogD3D11RHI:   Driver Version: Unknown (internal:Unknown, unified:Unknown)
[2018.08.26-19.40.34:239][  0]LogD3D11RHI:      Driver Date: Unknown
[2018.08.26-19.40.34:239][  0]LogRHI: Texture pool is 1361 MB (70% of 1945 MB)
[2018.08.26-19.40.34:306][  0]LogD3D11RHI: Async texture creation enabled
[2018.08.26-19.40.34:350][  0]LogD3D11RHI: GPU Timing Frequency: 1000.000000 (Debug: 2 2)
[2018.08.26-19.40.34:356][  0]LogShaderCompilers: Guid format shader working directory is -27 characters bigger than the processId version (../../../../../../Users/Evan/Documents/Unreal Projects/EAE3010_A1_Parry/Intermediate/Shaders/WorkingDirectory/15344/).
[2018.08.26-19.40.34:356][  0]LogShaderCompilers: Cleaned the shader compiler working directory 'C:/Users/Evan/AppData/Local/Temp/UnrealShaderWorkingDir/7D22A05A4CFDEF586C24AD9AD304B8B0/'.
[2018.08.26-19.40.34:356][  0]LogShaderCompilers:Display: Using Local Shader Compiler.
[2018.08.26-19.40.40:504][  0]LogTemp:Display: Loaded TP AllDesktopTargetPlatform
[2018.08.26-19.40.40:645][  0]LogTemp:Display: Loaded TP MacClientTargetPlatform
[2018.08.26-19.40.40:786][  0]LogTemp:Display: Loaded TP MacNoEditorTargetPlatform
[2018.08.26-19.40.40:920][  0]LogTemp:Display: Loaded TP MacServerTargetPlatform
[2018.08.26-19.40.41:072][  0]LogTemp:Display: Loaded TP MacTargetPlatform
[2018.08.26-19.40.41:215][  0]LogTemp:Display: Loaded TP WindowsClientTargetPlatform
[2018.08.26-19.40.41:324][  0]LogTemp:Display: Loaded TP WindowsNoEditorTargetPlatform
[2018.08.26-19.40.41:503][  0]LogTemp:Display: Loaded TP WindowsServerTargetPlatform
[2018.08.26-19.40.41:640][  0]LogTemp:Display: Loaded TP WindowsTargetPlatform
[2018.08.26-19.40.41:817][  0]LogTemp:Display: Loaded TP AndroidTargetPlatform
[2018.08.26-19.40.41:981][  0]LogTemp:Display: Loaded TP Android_ASTCTargetPlatform
[2018.08.26-19.40.42:136][  0]LogTemp:Display: Loaded TP Android_ATCTargetPlatform
[2018.08.26-19.40.42:275][  0]LogTemp:Display: Loaded TP Android_DXTTargetPlatform
[2018.08.26-19.40.42:412][  0]LogTemp:Display: Loaded TP Android_ETC1TargetPlatform
[2018.08.26-19.40.42:592][  0]LogTemp:Display: Loaded TP Android_ETC2TargetPlatform
[2018.08.26-19.40.42:915][  0]LogTemp:Display: Loaded TP Android_MultiTargetPlatform
[2018.08.26-19.40.42:915][  0]LogTemp:Display: Loaded TP Android_PVRTCTargetPlatform
[2018.08.26-19.40.43:014][  0]LogTemp:Display: Loaded TP HTML5TargetPlatform
[2018.08.26-19.40.43:227][  0]LogTemp:Display: Loaded TP IOSTargetPlatform
[2018.08.26-19.40.43:301][  0]LogTemp:Display: Loaded TP TVOSTargetPlatform
[2018.08.26-19.40.43:431][  0]LogTemp:Display: Loaded TP LinuxClientTargetPlatform
[2018.08.26-19.40.43:543][  0]LogTemp:Display: Loaded TP LinuxNoEditorTargetPlatform
[2018.08.26-19.40.43:682][  0]LogTemp:Display: Loaded TP LinuxServerTargetPlatform
[2018.08.26-19.40.43:821][  0]LogTemp:Display: Loaded TP LinuxTargetPlatform
[2018.08.26-19.40.43:821][  0]LogTargetPlatformManager:Display: Building Assets For Windows
[2018.08.26-19.40.44:690][  0]LogDerivedDataCache:Display: Max Cache Size: 512 MB
[2018.08.26-19.40.44:774][  0]LogDerivedDataCache: Loaded boot cache 0.09s 50MB C:/Users/Evan/AppData/Local/UnrealEngine/4.15/DerivedDataCache/Boot.ddc.
[2018.08.26-19.40.44:774][  0]LogDerivedDataCache:Display: Loaded Boot cache: C:/Users/Evan/AppData/Local/UnrealEngine/4.15/DerivedDataCache/Boot.ddc
[2018.08.26-19.40.44:774][  0]LogDerivedDataCache: FDerivedDataBackendGraph:  Pak pak cache file ../../../../../../Users/Evan/Documents/Unreal Projects/EAE3010_A1_Parry/DerivedDataCache/DDC.ddp not found, will not use a pak cache.
[2018.08.26-19.40.44:774][  0]LogDerivedDataCache: Unable to find inner node Pak for hierarchical cache Hierarchy.
[2018.08.26-19.40.44:774][  0]LogDerivedDataCache: FDerivedDataBackendGraph:  CompressedPak pak cache file ../../../../../../Users/Evan/Documents/Unreal Projects/EAE3010_A1_Parry/DerivedDataCache/Compressed.ddp not found, will not use a pak cache.
[2018.08.26-19.40.44:774][  0]LogDerivedDataCache: Unable to find inner node CompressedPak for hierarchical cache Hierarchy.
[2018.08.26-19.40.44:795][  0]LogDerivedDataCache:Display: Pak cache opened for reading ../../../Engine/DerivedDataCache/Compressed.ddp.
[2018.08.26-19.40.44:807][  0]LogDerivedDataCache: Using Local data cache path C:/Users/Evan/AppData/Local/UnrealEngine/Common/DerivedDataCache: Writable
[2018.08.26-19.40.44:819][  0]LogSlate: Using Freetype 2.6.0
[2018.08.26-19.40.44:883][  0]LogSlate: SlateFontCache - WITH_FREETYPE: 1, WITH_HARFBUZZ: 1
[2018.08.26-19.40.44:883][  0]LogSlate: SlateFontCache - WITH_FREETYPE: 1, WITH_HARFBUZZ: 1
[2018.08.26-19.40.47:222][  0]LogInit: Selected Device Profile: [Windows]
[2018.08.26-19.40.47:231][  0]LogContentStreaming: Texture pool size is 0.00 MB
[2018.08.26-19.40.47:755][  0]LogMeshUtilities: Using QuadricMeshReduction for automatic static mesh reduction
[2018.08.26-19.40.47:883][  0]LogSimplygon: Simplygon DLL not present - disabling.
[2018.08.26-19.40.48:014][  0]LogMeshUtilities: Using SimplygonSwarm for distributed automatic mesh merging
[2018.08.26-19.40.48:014][  0]LogMeshUtilities: No automatic skeletal mesh reduction module available
[2018.08.26-19.40.48:014][  0]LogMeshUtilities: No automatic mesh merging module available
[2018.08.26-19.40.49:171][  0]LogNetVersion: GetLocalNetworkVersion: CL: 3299760, ProjectName: eae3010_a1_parry, ProjectVersion: , EngineNetworkVersion: 2, GameNetworkVersion: 0, NetworkChecksum: 2533023101
[2018.08.26-19.40.49:253][  0]LogAssetRegistry: FAssetRegistry took 0.0321 seconds to start up
[2018.08.26-19.40.49:333][  0]LogPackageLocalizationCache: Processed 3 localized package path(s) for 2 prioritized culture(s) in 0.038294 seconds
[2018.08.26-19.40.49:343][  0]LogUObjectArray: 32493 objects as part of root set at end of initial load.
[2018.08.26-19.40.49:343][  0]LogUObjectAllocator: 7077024 out of 0 bytes used by permanent object pool.
[2018.08.26-19.40.49:343][  0]LogUObjectArray: CloseDisregardForGC: 0/0 objects in disregard for GC pool
[2018.08.26-19.40.49:501][  0]LogInit: WinSock: version 1.1 (2.2), MaxSocks=32767, MaxUdp=65467
[2018.08.26-19.41.07:181][  0]LogTcpMessaging: Initializing TcpMessaging bridge
[2018.08.26-19.41.07:315][  0]LogUdpMessaging: Initializing bridge on interface 0.0.0.0:0 to multicast group 230.0.0.1:6666.
[2018.08.26-19.41.08:748][  0]LogMaterial: Uniform references updated for custom material expression Custom.
[2018.08.26-19.41.09:696][  0]SourceControl: Info Source control is disabled
[2018.08.26-19.41.09:697][  0]SourceControl: Info Source control is disabled
[2018.08.26-19.41.09:790][  0]SourceControl: Info Source control is disabled
[2018.08.26-19.41.09:887][  0]SourceControl: Info Source control is disabled
[2018.08.26-19.41.10:677][  0]LogLinker:Warning: Can't find file '/Game/ThirdPersonBP/ThirdPersonOverview'
[2018.08.26-19.41.10:677][  0]LogLinker:Warning: Can't find file '/Game/ThirdPersonBP/ThirdPersonOverview'
[2018.08.26-19.41.10:677][  0]LogUObjectGlobals:Warning: Failed to find object 'Class /Game/ThirdPersonBP/ThirdPersonOverview.ThirdPersonOverview_C'
[2018.08.26-19.41.12:694][  0]LogEngine: Initializing Engine...
[2018.08.26-19.41.12:695][  0]LogHMD: Failed to initialize OpenVR with code 110
[2018.08.26-19.41.13:095][  0]LogAIModule: Creating AISystem for world Untitled
[2018.08.26-19.41.13:126][  0]LogInit: XAudio2 using 'Headphones (High Definition Audio Device)' : 2 channels at 48 kHz using 16 bits per sample (channel mask 0x3)
[2018.08.26-19.41.13:146][  0]LogInit: FAudioDevice initialized.
[2018.08.26-19.41.13:186][  0]LogDerivedDataCache: Saved boot cache 0.04s 50MB C:/Users/Evan/AppData/Local/UnrealEngine/4.15/DerivedDataCache/Boot.ddc.
[2018.08.26-19.41.13:207][  0]LogInit: Texture streaming: Enabled
[2018.08.26-19.41.13:430][  0]LogEngineSessionManager: EngineSessionManager initialized
[2018.08.26-19.41.13:602][  0]LogInit: Transaction tracking system initialized
[2018.08.26-19.41.14:378][  0]BlueprintLog: New page: Editor Load
[2018.08.26-19.41.16:792][  0]LocalizationService: Info Localization service is disabled
[2018.08.26-19.41.18:599][  0]LogConsoleResponse:Display: 
[2018.08.26-19.41.18:996][  0]LogFileCache: Scanning file cache for directory 'C:/Users/Evan/Documents/Unreal Projects/EAE3010_A1_Parry/Content/' took 0.01s
[2018.08.26-19.41.18:996][  0]LogCook:Display: Max memory allowance for cook 16384mb min free memory 0mb
[2018.08.26-19.41.18:996][  0]LogCook:Display: Mobile HDR setting 1
[2018.08.26-19.41.21:175][  0]SourceControl: Info Source control is disabled
[2018.08.26-19.41.21:176][  0]Cmd: MAP LOAD FILE="../../../Engine/Content/Maps/Templates/Template_Default.umap" TEMPLATE=1 SHOWPROGRESS=1 FEATURELEVEL=3
[2018.08.26-19.41.21:176][  0]LightingResults: New page: Lighting Build
[2018.08.26-19.41.21:242][  0]MapCheck: New page: Map Check
[2018.08.26-19.41.21:242][  0]LightingResults: New page: Lighting Build
[2018.08.26-19.41.21:519][  0]LogAIModule: Creating AISystem for world Untitled_1
[2018.08.26-19.41.21:544][  0]LogActorComponent: RegisterComponentWithWorld: (/Temp/Untitled_1.Untitled_1:PersistentLevel.WorldSettings_1.StaticMeshComponent0) Trying to register component with IsPendingKill() == true. Aborting.
[2018.08.26-19.41.21:549][  0]LogEditorServer: Finished looking for orphan Actors (0.000 secs)
[2018.08.26-19.41.21:553][  0]Cmd: MAP CHECKDEP NOCLEARLOG
[2018.08.26-19.41.21:608][  0]MapCheck: Info Map check complete: 0 Error(s), 0 Warning(s), took 55.465ms to complete.
[2018.08.26-19.41.21:608][  0]LogFileHelpers: Loading map 'Template_Default' took 0.433
[2018.08.26-19.41.24:915][  0]LogCollectionManager: Loaded 0 collections in 0.003893 seconds
[2018.08.26-19.41.25:714][  0]LogFileCache: Scanning file cache for directory 'C:/Users/Evan/Documents/Unreal Projects/EAE3010_A1_Parry/Saved/Collections/' took 0.01s
[2018.08.26-19.41.25:714][  0]LogFileCache: Scanning file cache for directory 'C:/Users/Evan/Documents/Unreal Projects/EAE3010_A1_Parry/Content/Developers/Evan/Collections/' took 0.01s
[2018.08.26-19.41.25:714][  0]LogFileCache: Scanning file cache for directory 'C:/Users/Evan/Documents/Unreal Projects/EAE3010_A1_Parry/Content/Collections/' took 0.01s
[2018.08.26-19.41.25:714][  0]LogCollectionManager: Rebuilt the GUID cache for 0 collections in 0.000003 seconds
[2018.08.26-19.41.25:732][  0]LogContentBrowser: Native class hierarchy populated in 0.0153 seconds. Added 2245 classes and 453 folders.
[2018.08.26-19.41.25:908][  0]LogStats: UGameplayTagsManager::ConstructGameplayTagTree: Construct from data asset -  0.000 s
[2018.08.26-19.41.25:944][  0]LogStats: UGameplayTagsManager::ConstructGameplayTagTree: GameplayTagTreeChangedEvent.Broadcast -  0.000 s
[2018.08.26-19.41.26:238][  0]LogContentBrowser: Native class hierarchy updated for 'WidgetCarousel' in 0.0006 seconds. Added 0 classes and 0 folders.
[2018.08.26-19.41.34:350][  0]LogContentBrowser: Native class hierarchy updated for 'AddContentDialog' in 0.0005 seconds. Added 0 classes and 0 folders.
[2018.08.26-19.41.34:697][  0]LogContentBrowser: Native class hierarchy updated for 'SceneOutliner' in 0.0005 seconds. Added 1 classes and 2 folders.
[2018.08.26-19.41.36:721][  0]LogCrashTracker: Crashtracker disabled due to settings.
[2018.08.26-19.41.37:060][  0]LogUObjectGlobals:Warning: Failed to find object 'Class None.'
[2018.08.26-19.41.37:251][  0]LogContentBrowser: Native class hierarchy updated for 'HierarchicalLODOutliner' in 0.0024 seconds. Added 1 classes and 2 folders.
[2018.08.26-19.41.37:251][  0]LogLoad: (Engine Initialization) Total time: 80.65 seconds
[2018.08.26-19.41.37:251][  0]LogLoad: (Engine Initialization) Total Blueprint compile time: 0.17 seconds
[2018.08.26-19.41.37:251][  0]LogExternalProfiler: No external profilers were discovered.  External profiling features will not be available.
[2018.08.26-19.41.37:596][  0]LogOcInput: OculusInput pre-init called
[2018.08.26-19.41.37:959][  0]LogContentStreaming: Texture pool size now 1000 MB
[2018.08.26-19.41.37:960][  0]LogSlate: Took 0.000210 seconds to synchronously load lazily loaded font '../../../Engine/Content/Slate/Fonts/Roboto-Regular.ttf' (155K)
[2018.08.26-19.41.37:964][  0]LogSlate: Took 0.000201 seconds to synchronously load lazily loaded font '../../../Engine/Content/Slate/Fonts/Roboto-Bold.ttf' (160K)
[2018.08.26-19.41.38:262][  0]LogSlate: Took 0.106174 seconds to synchronously load lazily loaded font '../../../Engine/Content/Editor/Slate/Fonts/FontAwesome.ttf' (139K)
[2018.08.26-19.41.40:954][  0]LogRenderer: Reallocating scene render targets to support 804x540 NumSamples 1 (Frame:2).
[2018.08.26-19.41.59:576][ 51]LogAssetRegistry: Asset discovery search completed in 70.3484 seconds
[2018.08.26-19.41.59:576][ 51]LogCollectionManager: Rebuilt the object cache for 0 collections in 0.000003 seconds (found 0 objects)
[2018.08.26-19.41.59:576][ 51]LogCollectionManager: Fixed up redirectors for 0 collections in 0.000016 seconds (updated 0 objects)
[2018.08.26-19.42.28:351][140]LogEditorViewport: Clicking on Actor (LMB): StaticMeshActor (Floor)
[2018.08.26-19.42.50:243][216]LogEditorViewport: Clicking on Actor (LMB): StaticMeshActor (Floor)
[2018.08.26-19.42.55:819][749]Cmd: BRUSH ADD SELECTNEWBRUSH
[2018.08.26-19.43.04:071][554]Cmd: BRUSH ADD SELECTNEWBRUSH
[2018.08.26-19.43.09:243][ 41]Cmd: TRANSACTION UNDO
[2018.08.26-19.43.09:243][ 41]LogEditorTransaction: Undo Move Actors
[2018.08.26-19.43.09:289][ 41]LogSlate: Took 0.000254 seconds to synchronously load lazily loaded font '../../../Engine/Content/Slate/Fonts/Roboto-Light.ttf' (159K)
[2018.08.26-19.43.09:703][ 73]Cmd: TRANSACTION UNDO
[2018.08.26-19.43.09:703][ 73]LogEditorTransaction: Undo Brush Add
[2018.08.26-19.43.12:155][329]Cmd: BRUSH ADD SELECTNEWBRUSH
[2018.08.26-19.43.13:797][491]Cmd: TRANSACTION UNDO
[2018.08.26-19.43.13:797][491]LogEditorTransaction: Undo Brush Add
[2018.08.26-19.43.15:881][703]Cmd: BRUSH ADD SELECTNEWBRUSH
[2018.08.26-19.43.21:716][289]LogEditorViewport: Clicking on Actor (context menu): Brush (Linear Stair Brush)
[2018.08.26-19.43.26:284][698]LogEditorViewport: Clicking on Actor (LMB): BP_Sky_Sphere_C (Sky Sphere)
[2018.08.26-19.43.30:051][ 54]LogEditorViewport: Clicking on Actor (LMB): StaticMeshActor (Floor)
[2018.08.26-19.43.39:683][981]Cmd: POLY TEXMULT UU=0.707107 VV=0.707107 UV=-0.707107 VU=0.707107
[2018.08.26-19.43.47:510][759]Cmd: TRANSACTION UNDO
[2018.08.26-19.43.47:510][759]LogEditorTransaction: Undo Set actor rotation
[2018.08.26-19.43.56:773][706]Cmd: TRANSACTION UNDO
[2018.08.26-19.43.56:773][706]LogEditorTransaction: Undo Set actor rotation
[2018.08.26-19.44.19:077][965]LogEditorViewport: Clicking on Actor (LMB): BP_Sky_Sphere_C (Sky Sphere)
[2018.08.26-19.44.31:720][251]Cmd: BRUSH ADD SELECTNEWBRUSH
[2018.08.26-19.44.41:384][222]Cmd: BRUSH ADD SELECTNEWBRUSH
[2018.08.26-19.44.51:524][286]Cmd: TRANSACTION UNDO
[2018.08.26-19.44.51:524][286]LogEditorTransaction: Undo Move Actors
[2018.08.26-19.44.51:533][286]LogActorComponent: ~FComponentReregisterContext: (/Temp/Untitled_1.Untitled_1:PersistentLevel.CylinderBrush.BrushComponent0) Component already registered.
[2018.08.26-19.45.02:413][400]LogEditorViewport: Clicking on Actor (LMB): StaticMeshActor (Floor)
[2018.08.26-19.45.14:655][623]Cmd: BRUSH ADD SELECTNEWBRUSH
[2018.08.26-19.45.19:787][142]Cmd: TRANSACTION UNDO
[2018.08.26-19.45.19:787][142]LogEditorTransaction: Undo Brush Add
[2018.08.26-19.45.22:345][407]Cmd: BRUSH ADD SELECTNEWBRUSH
[2018.08.26-19.45.48:790][ 80]LogEditorViewport: Clicking on Actor (LMB): BP_Sky_Sphere_C (Sky Sphere)
[2018.08.26-19.45.56:321][803]LogRenderer: Reallocating scene render targets to support 804x572 NumSamples 1 (Frame:19358).
[2018.08.26-19.45.56:367][804]LogRenderer: Reallocating scene render targets to support 804x592 NumSamples 1 (Frame:19360).
[2018.08.26-19.45.56:416][805]LogRenderer: Reallocating scene render targets to support 804x608 NumSamples 1 (Frame:19362).
[2018.08.26-19.45.56:461][806]LogRenderer: Reallocating scene render targets to support 804x632 NumSamples 1 (Frame:19364).
[2018.08.26-19.45.56:506][807]LogRenderer: Reallocating scene render targets to support 804x644 NumSamples 1 (Frame:19366).
[2018.08.26-19.45.56:552][808]LogRenderer: Reallocating scene render targets to support 804x660 NumSamples 1 (Frame:19368).
[2018.08.26-19.45.59:066][ 65]Cmd: DELETE
[2018.08.26-19.45.59:066][ 65]Cmd: ACTOR DELETE
[2018.08.26-19.45.59:110][ 65]LogEditorActor: Deleted Actor: Brush
[2018.08.26-19.45.59:176][ 65]LogEditorActor: Deleted 1 Actors (0.067 secs)
[2018.08.26-19.46.21:983][407]LogEditorViewport: Clicking on Actor (LMB): StaticMeshActor (Floor)
[2018.08.26-19.46.52:125][423]LogEditorViewport: Clicking on Actor (LMB): BP_Sky_Sphere_C (Sky Sphere)
[2018.08.26-19.46.53:525][547]Cmd: TRANSACTION UNDO
[2018.08.26-19.46.53:525][547]LogEditorTransaction: Undo Move Actors
[2018.08.26-19.47.39:003][200]LogEditorViewport: Clicking on Actor (LMB): BP_Sky_Sphere_C (Sky Sphere)
[2018.08.26-19.47.59:830][306]LogEditorViewport: Clicking on Actor (LMB): BP_Sky_Sphere_C (Sky Sphere)
[2018.08.26-19.48.29:592][154]LogEditorViewport: Clicking on Actor (LMB): BP_Sky_Sphere_C (Sky Sphere)
[2018.08.26-19.48.31:302][315]LogEditorViewport: Clicking on Actor (LMB): PointLight (PointLight)
[2018.08.26-19.48.41:813][381]LogEditorViewport: Clicking on Actor (LMB): BP_Sky_Sphere_C (Sky Sphere)
[2018.08.26-19.48.42:451][442]LogEditorViewport: Clicking on Actor (LMB): SkyLight (SkyLight)
[2018.08.26-19.48.43:317][525]Cmd: DELETE
[2018.08.26-19.48.43:317][525]Cmd: ACTOR DELETE
[2018.08.26-19.48.43:319][525]LogEditorActor: Deleted Actor: SkyLight
[2018.08.26-19.48.43:344][525]LogEditorActor: Deleted 1 Actors (0.026 secs)
[2018.08.26-19.48.44:827][684]LogEditorViewport: Clicking on Actor (LMB): PointLight (PointLight)
[2018.08.26-19.48.45:332][729]Cmd: DELETE
[2018.08.26-19.48.45:332][729]Cmd: ACTOR DELETE
[2018.08.26-19.48.45:333][729]LogEditorActor: Deleted Actor: PointLight
[2018.08.26-19.48.45:358][729]LogEditorActor: Deleted 1 Actors (0.026 secs)
[2018.08.26-19.49.09:518][445]LogSlate: Took 0.000189 seconds to synchronously load lazily loaded font '../../../Engine/Content/Slate/Fonts/Roboto-Light.ttf' (159K)
[2018.08.26-19.49.24:439][296]Cmd: OBJ SAVEPACKAGE PACKAGE="/Game/Level1" FILE="../../../../../../Users/Evan/Documents/Unreal Projects/EAE3010_A1_Parry/Content/Level1.umap" SILENT=true AUTOSAVING=false KEEPDIRTY=false
[2018.08.26-19.49.24:786][296]LogSavePackage: Save=316.78ms
[2018.08.26-19.49.24:786][296]LogSavePackage: Moving '../../../../../../Users/Evan/Documents/Unreal Projects/EAE3010_A1_Parry/Saved/Level1B07C649449F3F95C88DFD5AFD1120016.tmp' to '../../../../../../Users/Evan/Documents/Unreal Projects/EAE3010_A1_Parry/Content/Level1.umap'
[2018.08.26-19.49.24:792][296]LogSavePackage:Display: Finished SavePackage ../../../../../../Users/Evan/Documents/Unreal Projects/EAE3010_A1_Parry/Content/Level1.umap
[2018.08.26-19.49.24:865][296]LogFileHelpers: Saving map 'Level1' took 1.158
[2018.08.26-19.49.24:866][296]Cmd: MAP LOAD FILE="../../../../../../Users/Evan/Documents/Unreal Projects/EAE3010_A1_Parry/Content/Level1.umap" TEMPLATE=0 SHOWPROGRESS=1 FEATURELEVEL=3
[2018.08.26-19.49.24:878][296]LightingResults: New page: Lighting Build
[2018.08.26-19.49.24:881][296]LoadErrors: New page: Loading map: Level1.umap
[2018.08.26-19.49.24:883][296]MapCheck: New page: Map Check
[2018.08.26-19.49.24:883][296]LightingResults: New page: Lighting Build
[2018.08.26-19.49.24:966][296]LogAIModule: Creating AISystem for world Level1
[2018.08.26-19.49.24:994][296]LogEditorServer: Finished looking for orphan Actors (0.000 secs)
[2018.08.26-19.49.25:021][296]Cmd: MAP CHECKDEP NOCLEARLOG
[2018.08.26-19.49.25:082][296]MapCheck: Info Map check complete: 0 Error(s), 0 Warning(s), took 61.685ms to complete.
[2018.08.26-19.49.25:082][296]LogFileHelpers: Loading map 'Level1' took 0.217
[2018.08.26-19.49.25:195][297]LogSlate: Took 0.000251 seconds to synchronously load lazily loaded font '../../../Engine/Content/Slate/Fonts/Roboto-Light.ttf' (159K)
[2018.08.26-19.49.31:778][990]Cmd: QUIT_EDITOR
[2018.08.26-19.49.31:821][990]LogWindowsTextInputMethodSystem:Display: IME system now deactivated.
[2018.08.26-19.49.31:862][990]LogExit: Preparing to exit.
[2018.08.26-19.49.32:703][990]LogDirectoryWatcher: A directory notification for 'C:/Users/Evan/Documents/Unreal Projects/EAE3010_A1_Parry/Content/' was aborted.
[2018.08.26-19.49.32:734][990]LogExit: Editor shut down
[2018.08.26-19.49.32:734][990]LogExit: Transaction tracking system shut down
[2018.08.26-19.49.32:963][990]LogObj: Freed 0b from 0 cluster array pools.
[2018.08.26-19.49.32:963][990]LogExit: Object subsystem successfully closed.
[2018.08.26-19.49.32:983][990]LogD3D11RHI: Shutdown
[2018.08.26-19.49.32:983][990]LogD3D11RHI: CleanupD3DDevice
[2018.08.26-19.49.33:079][990]LogD3D11RHI: ~FD3D11DynamicRHI
[2018.08.26-19.49.33:102][990]LogModuleManager: Shutting down and abandoning module HierarchicalLODOutliner (498)
[2018.08.26-19.49.33:102][990]LogModuleManager: Shutting down and abandoning module CrashTracker (496)
[2018.08.26-19.49.33:102][990]LogModuleManager: Shutting down and abandoning module SceneOutliner (494)
[2018.08.26-19.49.33:102][990]LogModuleManager: Shutting down and abandoning module AddContentDialog (492)
[2018.08.26-19.49.33:102][990]LogDirectoryWatcher: A directory notification for 'C:/Program Files/Epic Games/UE_4.15/FeaturePacks/' was aborted.
[2018.08.26-19.49.33:103][990]LogModuleManager: Shutting down and abandoning module WidgetCarousel (491)
[2018.08.26-19.49.33:103][990]LogModuleManager: Shutting down and abandoning module EditorWidgets (488)
[2018.08.26-19.49.33:103][990]LogModuleManager: Shutting down and abandoning module CollectionManager (486)
[2018.08.26-19.49.33:106][990]LogDirectoryWatcher: A directory notification for 'C:/Users/Evan/Documents/Unreal Projects/EAE3010_A1_Parry/Content/Collections/' was aborted.
[2018.08.26-19.49.33:107][990]LogDirectoryWatcher: A directory notification for 'C:/Users/Evan/Documents/Unreal Projects/EAE3010_A1_Parry/Content/Developers/Evan/Collections/' was aborted.
[2018.08.26-19.49.33:107][990]LogDirectoryWatcher: A directory notification for 'C:/Users/Evan/Documents/Unreal Projects/EAE3010_A1_Parry/Saved/Collections/' was aborted.
[2018.08.26-19.49.33:107][990]LogModuleManager: Shutting down and abandoning module StatsViewer (484)
[2018.08.26-19.49.33:107][990]LogModuleManager: Shutting down and abandoning module FoliageEdit (482)
[2018.08.26-19.49.33:107][990]LogModuleManager: Shutting down and abandoning module LandscapeEditor (480)
[2018.08.26-19.49.33:107][990]LogModuleManager: Shutting down and abandoning module SceneDepthPickerMode (478)
[2018.08.26-19.49.33:107][990]LogModuleManager: Shutting down and abandoning module ActorPickerMode (476)
[2018.08.26-19.49.33:107][990]LogModuleManager: Shutting down and abandoning module GeometryMode (474)
[2018.08.26-19.49.33:107][990]LogModuleManager: Shutting down and abandoning module TextureAlignMode (472)
[2018.08.26-19.49.33:107][990]LogModuleManager: Shutting down and abandoning module BspMode (470)
[2018.08.26-19.49.33:107][990]LogModuleManager: Shutting down and abandoning module HardwareSurvey (468)
[2018.08.26-19.49.33:107][990]LogModuleManager: Shutting down and abandoning module SequenceRecorderSections (466)
[2018.08.26-19.49.33:107][990]LogModuleManager: Shutting down and abandoning module AutomationWorker (464)
[2018.08.26-19.49.33:107][990]LogModuleManager: Shutting down and abandoning module MatineeToLevelSequence (462)
[2018.08.26-19.49.33:107][990]LogModuleManager: Shutting down and abandoning module LevelSequenceEditor (460)
[2018.08.26-19.49.33:107][990]LogModuleManager: Shutting down and abandoning module PlacementMode (459)
[2018.08.26-19.49.33:107][990]LogModuleManager: Shutting down and abandoning module WmfMediaFactory (456)
[2018.08.26-19.49.33:107][990]LogModuleManager: Shutting down and abandoning module WmfMediaEditor (454)
[2018.08.26-19.49.33:107][990]LogModuleManager: Shutting down and abandoning module MfMediaFactory (452)
[2018.08.26-19.49.33:107][990]LogModuleManager: Shutting down and abandoning module MfMediaEditor (450)
[2018.08.26-19.49.33:107][990]LogModuleManager: Shutting down and abandoning module AvfMediaFactory (448)
[2018.08.26-19.49.33:107][990]LogModuleManager: Shutting down and abandoning module AvfMediaEditor (446)
[2018.08.26-19.49.33:107][990]LogModuleManager: Shutting down and abandoning module AndroidMediaFactory (444)
[2018.08.26-19.49.33:107][990]LogModuleManager: Shutting down and abandoning module Media (443)
[2018.08.26-19.49.33:107][990]LogModuleManager: Shutting down and abandoning module AndroidMediaEditor (440)
[2018.08.26-19.49.33:107][990]LogModuleManager: Shutting down and abandoning module CharacterAI (438)
[2018.08.26-19.49.33:107][990]LogModuleManager: Shutting down and abandoning module AudioCapture (436)
[2018.08.26-19.49.33:107][990]LogModuleManager: Shutting down and abandoning module SequenceRecorder (435)
[2018.08.26-19.49.33:107][990]LogModuleManager: Shutting down and abandoning module SmartSnapping (432)
[2018.08.26-19.49.33:107][990]LogModuleManager: Shutting down and abandoning module SessionServices (430)
[2018.08.26-19.49.33:107][990]LogModuleManager: Shutting down and abandoning module ViewportSnapping (428)
[2018.08.26-19.49.33:107][990]LogModuleManager: Shutting down and abandoning module ViewportInteraction (426)
[2018.08.26-19.49.33:107][990]LogModuleManager: Shutting down and abandoning module LogVisualizer (424)
[2018.08.26-19.49.33:108][990]LogModuleManager: Shutting down and abandoning module IntroTutorials (422)
[2018.08.26-19.49.33:108][990]LogModuleManager: Shutting down and abandoning module GameProjectGeneration (421)
[2018.08.26-19.49.33:108][990]LogModuleManager: Shutting down and abandoning module EditorLiveStreaming (418)
[2018.08.26-19.49.33:108][990]LogModuleManager: Shutting down and abandoning module IOSPlatformEditor (416)
[2018.08.26-19.49.33:108][990]LogModuleManager: Shutting down and abandoning module HTML5PlatformEditor (414)
[2018.08.26-19.49.33:108][990]LogModuleManager: Shutting down and abandoning module AndroidPlatformEditor (412)
[2018.08.26-19.49.33:108][990]LogModuleManager: Shutting down and abandoning module AndroidDeviceDetection (411)
[2018.08.26-19.49.33:112][990]LogModuleManager: Shutting down and abandoning module IOSRuntimeSettings (408)
[2018.08.26-19.49.33:112][990]LogModuleManager: Shutting down and abandoning module AndroidRuntimeSettings (406)
[2018.08.26-19.49.33:112][990]LogModuleManager: Shutting down and abandoning module InputBindingEditor (404)
[2018.08.26-19.49.33:112][990]LogModuleManager: Shutting down and abandoning module NiagaraEditor (402)
[2018.08.26-19.49.33:112][990]LogModuleManager: Shutting down and abandoning module MergeActors (400)
[2018.08.26-19.49.33:112][990]LogModuleManager: Shutting down and abandoning module SizeMap (398)
[2018.08.26-19.49.33:112][990]LogModuleManager: Shutting down and abandoning module TreeMap (396)
[2018.08.26-19.49.33:112][990]LogModuleManager: Shutting down and abandoning module ReferenceViewer (394)
[2018.08.26-19.49.33:112][990]LogModuleManager: Shutting down and abandoning module LocalizationDashboard (392)
[2018.08.26-19.49.33:112][990]LogModuleManager: Shutting down and abandoning module LocalizationService (391)
[2018.08.26-19.49.33:112][990]LogModuleManager: Shutting down and abandoning module HardwareTargeting (388)
[2018.08.26-19.49.33:112][990]LogModuleManager: Shutting down and abandoning module DeviceProfileEditor (386)
[2018.08.26-19.49.33:112][990]LogModuleManager: Shutting down and abandoning module UndoHistory (384)
[2018.08.26-19.49.33:112][990]LogModuleManager: Shutting down and abandoning module UserFeedback (382)
[2018.08.26-19.49.33:112][990]LogModuleManager: Shutting down and abandoning module XmlParser (380)
[2018.08.26-19.49.33:112][990]LogModuleManager: Shutting down and abandoning module Blutility (378)
[2018.08.26-19.49.33:112][990]LogModuleManager: Shutting down and abandoning module ProjectSettingsViewer (376)
[2018.08.26-19.49.33:112][990]LogModuleManager: Shutting down and abandoning module ProjectTargetPlatformEditor (375)
[2018.08.26-19.49.33:113][990]LogModuleManager: Shutting down and abandoning module EditorSettingsViewer (372)
[2018.08.26-19.49.33:113][990]LogModuleManager: Shutting down and abandoning module SettingsEditor (370)
[2018.08.26-19.49.33:113][990]LogModuleManager: Shutting down and abandoning module ProjectLauncher (368)
[2018.08.26-19.49.33:113][990]LogModuleManager: Shutting down and abandoning module SessionFrontend (366)
[2018.08.26-19.49.33:113][990]LogModuleManager: Shutting down and abandoning module ProfilerClient (364)
[2018.08.26-19.49.33:113][990]LogModuleManager: Shutting down and abandoning module DeviceManager (362)
[2018.08.26-19.49.33:113][990]LogModuleManager: Shutting down and abandoning module TargetDeviceServices (361)
[2018.08.26-19.49.33:168][990]LogModuleManager: Shutting down and abandoning module AutomationController (358)
[2018.08.26-19.49.33:168][990]LogModuleManager: Shutting down and abandoning module AutomationWindow (356)
[2018.08.26-19.49.33:168][990]LogModuleManager: Shutting down and abandoning module Layers (354)
[2018.08.26-19.49.33:168][990]LogModuleManager: Shutting down and abandoning module ComponentVisualizers (352)
[2018.08.26-19.49.33:168][990]LogModuleManager: Shutting down and abandoning module DetailCustomizations (350)
[2018.08.26-19.49.33:170][990]LogModuleManager: Shutting down and abandoning module PackagesDialog (348)
[2018.08.26-19.49.33:171][990]LogModuleManager: Shutting down and abandoning module Persona (346)
[2018.08.26-19.49.33:171][990]LogModuleManager: Shutting down and abandoning module AnimGraph (345)
[2018.08.26-19.49.33:171][990]LogModuleManager: Shutting down and abandoning module Kismet (342)
[2018.08.26-19.49.33:171][990]LogModuleManager: Shutting down and abandoning module GraphEditor (340)
[2018.08.26-19.49.33:172][990]LogModuleManager: Shutting down and abandoning module ClassViewer (338)
[2018.08.26-19.49.33:172][990]LogModuleManager: Shutting down and abandoning module Toolbox (336)
[2018.08.26-19.49.33:172][990]LogModuleManager: Shutting down and abandoning module ModuleUI (334)
[2018.08.26-19.49.33:172][990]LogModuleManager: Shutting down and abandoning module MovieSceneTools (332)
[2018.08.26-19.49.33:172][990]LogModuleManager: Shutting down and abandoning module OutputLog (330)
[2018.08.26-19.49.33:172][990]LogModuleManager: Shutting down and abandoning module GammaUI (328)
[2018.08.26-19.49.33:172][990]LogModuleManager: Shutting down and abandoning module Documentation (326)
[2018.08.26-19.49.33:172][990]LogModuleManager: Shutting down and abandoning module Niagara (324)
[2018.08.26-19.49.33:172][990]LogModuleManager: Shutting down and abandoning module StreamingPauseRendering (322)
[2018.08.26-19.49.33:172][990]LogModuleManager: Shutting down and abandoning module AnalyticsET (320)
[2018.08.26-19.49.33:172][990]LogModuleManager: Shutting down and abandoning module PortalServices (318)
[2018.08.26-19.49.33:172][990]LogModuleManager: Shutting down and abandoning module PortalRpc (316)
[2018.08.26-19.49.33:172][990]LogModuleManager: Shutting down and abandoning module MessagingRpc (314)
[2018.08.26-19.49.33:172][990]LogModuleManager: Shutting down and abandoning module AIModule (312)
[2018.08.26-19.49.33:172][990]LogModuleManager: Shutting down and abandoning module GameplayDebugger (311)
[2018.08.26-19.49.33:172][990]LogModuleManager: Shutting down and abandoning module AITestSuite (309)
[2018.08.26-19.49.33:172][990]LogModuleManager: Shutting down and abandoning module ProfilerService (306)
[2018.08.26-19.49.33:215][990]LogModuleManager: Shutting down and abandoning module TaskGraph (304)
[2018.08.26-19.49.33:216][990]LogModuleManager: Shutting down and abandoning module SteamVRController (302)
[2018.08.26-19.49.33:216][990]LogModuleManager: Shutting down and abandoning module SteamVR (300)
[2018.08.26-19.49.33:216][990]LogModuleManager: Shutting down and abandoning module ProceduralMeshComponentEditor (298)
[2018.08.26-19.49.33:216][990]LogModuleManager: Shutting down and abandoning module ProceduralMeshComponent (296)
[2018.08.26-19.49.33:216][990]LogModuleManager: Shutting down and abandoning module OculusLibrary (294)
[2018.08.26-19.49.33:216][990]LogModuleManager: Shutting down and abandoning module OculusInput (292)
[2018.08.26-19.49.33:216][990]LogModuleManager: Shutting down and abandoning module MobilePatchingUtils (290)
[2018.08.26-19.49.33:216][990]LogModuleManager: Shutting down and abandoning module CustomMeshComponent (288)
[2018.08.26-19.49.33:216][990]LogModuleManager: Shutting down and abandoning module CableComponent (286)
[2018.08.26-19.49.33:216][990]LogModuleManager: Shutting down and abandoning module ArchVisCharacter (284)
[2018.08.26-19.49.33:216][990]LogModuleManager: Shutting down and abandoning module MediaPlayerEditor (280)
[2018.08.26-19.49.33:216][990]LogModuleManager: Shutting down and abandoning module HTML5Networking (278)
[2018.08.26-19.49.33:216][990]LogModuleManager: Shutting down and abandoning module AlembicImporter (276)
[2018.08.26-19.49.33:216][990]LogModuleManager: Shutting down and abandoning module AlembicLibrary (275)
[2018.08.26-19.49.33:216][990]LogModuleManager: Shutting down and abandoning module GeometryCache (274)
[2018.08.26-19.49.33:216][990]LogModuleManager: Shutting down and abandoning module GeometryCacheEd (273)
[2018.08.26-19.49.33:216][990]LogModuleManager: Shutting down and abandoning module SuperSearchEditor (268)
[2018.08.26-19.49.33:216][990]LogModuleManager: Shutting down and abandoning module SuperSearch (267)
[2018.08.26-19.49.33:216][990]LogModuleManager: Shutting down and abandoning module SpeedTreeImporter (264)
[2018.08.26-19.49.33:216][990]LogModuleManager: Shutting down and abandoning module PluginBrowser (262)
[2018.08.26-19.49.33:216][990]LogModuleManager: Shutting down and abandoning module MobileLauncherProfileWizard (260)
[2018.08.26-19.49.33:216][990]LogModuleManager: Shutting down and abandoning module EpicSurvey (258)
[2018.08.26-19.49.33:216][990]LogModuleManager: Shutting down and abandoning module VisualStudioSourceCodeAccess (256)
[2018.08.26-19.49.33:216][990]LogModuleManager: Shutting down and abandoning module DesktopPlatform (255)
[2018.08.26-19.49.33:216][990]LogModuleManager: Shutting down and abandoning module UObjectPlugin (252)
[2018.08.26-19.49.33:216][990]LogModuleManager: Shutting down and abandoning module SubversionSourceControl (250)
[2018.08.26-19.49.33:216][990]LogModuleManager: Shutting down and abandoning module PerforceSourceControl (248)
[2018.08.26-19.49.33:216][990]LogModuleManager: Shutting down and abandoning module GitSourceControl (246)
[2018.08.26-19.49.33:216][990]LogModuleManager: Shutting down and abandoning module SourceControl (245)
[2018.08.26-19.49.33:216][990]LogModuleManager: Shutting down and abandoning module LightPropagationVolumeEditor (242)
[2018.08.26-19.49.33:216][990]LogModuleManager: Shutting down and abandoning module PaperTiledImporter (240)
[2018.08.26-19.49.33:216][990]LogModuleManager: Shutting down and abandoning module PaperSpriteSheetImporter (238)
[2018.08.26-19.49.33:216][990]LogModuleManager: Shutting down and abandoning module Paper2DEditor (236)
[2018.08.26-19.49.33:216][990]LogModuleManager: Shutting down and abandoning module MeshPaint (235)
[2018.08.26-19.49.33:216][990]LogModuleManager: Shutting down and abandoning module LevelEditor (233)
[2018.08.26-19.49.33:217][990]LogModuleManager: Shutting down and abandoning module PixelInspectorModule (232)
[2018.08.26-19.49.33:217][990]LogModuleManager: Shutting down and abandoning module MainFrame (230)
[2018.08.26-19.49.33:217][990]LogModuleManager: Shutting down and abandoning module HotReload (229)
[2018.08.26-19.49.33:218][990]LogModuleManager: Shutting down and abandoning module ContentBrowser (225)
[2018.08.26-19.49.33:219][990]LogModuleManager: Shutting down and abandoning module PhysXVehiclesEditor (222)
[2018.08.26-19.49.33:219][990]LogModuleManager: Shutting down and abandoning module PhysXVehicles (220)
[2018.08.26-19.49.33:219][990]LogModuleManager: Shutting down and abandoning module LocationServicesBPLibrary (218)
[2018.08.26-19.49.33:219][990]LogModuleManager: Shutting down and abandoning module UdpMessaging (216)
[2018.08.26-19.49.33:320][990]LogModuleManager: Shutting down and abandoning module TcpMessaging (214)
[2018.08.26-19.49.33:420][990]LogModuleManager: Shutting down and abandoning module GameplayTagsEditor (212)
[2018.08.26-19.49.33:420][990]LogModuleManager: Shutting down and abandoning module FacialAnimationEditor (210)
[2018.08.26-19.49.33:420][990]LogModuleManager: Shutting down and abandoning module FacialAnimation (208)
[2018.08.26-19.49.33:420][990]LogModuleManager: Shutting down and abandoning module LightPropagationVolumeRuntime (206)
[2018.08.26-19.49.33:420][990]LogModuleManager: Shutting down and abandoning module Paper2D (204)
[2018.08.26-19.49.33:420][990]LogModuleManager: Shutting down and abandoning module WindowsMoviePlayer (202)
[2018.08.26-19.49.33:420][990]LogModuleManager: Shutting down and abandoning module WmfMedia (200)
[2018.08.26-19.49.33:426][990]LogModuleManager: Shutting down and abandoning module MfMedia (198)
[2018.08.26-19.49.33:426][990]LogModuleManager: Shutting down and abandoning module MediaAssets (196)
[2018.08.26-19.49.33:426][990]LogModuleManager: Shutting down and abandoning module GameLiveStreaming (194)
[2018.08.26-19.49.33:426][990]LogModuleManager: Shutting down and abandoning module VREditor (192)
[2018.08.26-19.49.33:426][990]LogModuleManager: Shutting down and abandoning module GameplayTasksEditor (190)
[2018.08.26-19.49.33:426][990]LogModuleManager: Shutting down and abandoning module BehaviorTreeEditor (188)
[2018.08.26-19.49.33:426][990]LogModuleManager: Shutting down and abandoning module FunctionalTesting (186)
[2018.08.26-19.49.33:426][990]LogModuleManager: Shutting down and abandoning module CollisionAnalyzer (184)
[2018.08.26-19.49.33:426][990]LogModuleManager: Shutting down and abandoning module UMG (182)
[2018.08.26-19.49.33:426][990]LogModuleManager: Shutting down and abandoning module UMGEditor (181)
[2018.08.26-19.49.33:426][990]LogModuleManager: Shutting down and abandoning module Sequencer (180)
[2018.08.26-19.49.33:426][990]LogModuleManager: Shutting down and abandoning module AssetTools (178)
[2018.08.26-19.49.33:426][990]LogModuleManager: Shutting down and abandoning module MessageLog (177)
[2018.08.26-19.49.33:426][990]LogModuleManager: Shutting down and abandoning module WorkspaceMenuStructure (176)
[2018.08.26-19.49.33:426][990]LogModuleManager: Shutting down and abandoning module SlateReflector (170)
[2018.08.26-19.49.33:426][990]LogModuleManager: Shutting down and abandoning module Slate (168)
[2018.08.26-19.49.33:426][990]LogModuleManager: Shutting down and abandoning module EditorStyle (166)
[2018.08.26-19.49.33:429][990]LogModuleManager: Shutting down and abandoning module SourceCodeAccess (164)
[2018.08.26-19.49.33:429][990]LogModuleManager: Shutting down and abandoning module HeadMountedDisplay (162)
[2018.08.26-19.49.33:429][990]LogModuleManager: Shutting down and abandoning module XAudio2 (160)
[2018.08.26-19.49.33:429][990]LogModuleManager: Shutting down and abandoning module Networking (158)
[2018.08.26-19.49.33:429][990]LogModuleManager: Shutting down and abandoning module Core (154)
[2018.08.26-19.49.33:429][990]LogModuleManager: Shutting down and abandoning module AssetRegistry (152)
[2018.08.26-19.49.33:601][990]LogDirectoryWatcher: A directory notification for '../../../Engine/Content/' was aborted.
[2018.08.26-19.49.33:601][990]LogDirectoryWatcher: A directory notification for '../../../../../../Users/Evan/Documents/Unreal Projects/EAE3010_A1_Parry/Content/' was aborted.
[2018.08.26-19.49.33:601][990]LogDirectoryWatcher: A directory notification for '../../../Engine/Plugins/2D/Paper2D/Content/' was aborted.
[2018.08.26-19.49.33:601][990]LogModuleManager: Shutting down and abandoning module DirectoryWatcher (151)
[2018.08.26-19.49.33:601][990]LogModuleManager: Shutting down and abandoning module KismetCompiler (148)
[2018.08.26-19.49.33:601][990]LogModuleManager: Shutting down and abandoning module PhysXFormats (146)
[2018.08.26-19.49.33:601][990]LogModuleManager: Shutting down and abandoning module MeshUtilities (144)
[2018.08.26-19.49.33:601][990]LogModuleManager: Shutting down and abandoning module SimplygonSwarm (143)
[2018.08.26-19.49.33:601][990]LogModuleManager: Shutting down and abandoning module SimplygonMeshReduction (141)
[2018.08.26-19.49.33:602][990]LogModuleManager: Shutting down and abandoning module QuadricMeshReduction (139)
[2018.08.26-19.49.33:602][990]LogModuleManager: Shutting down and abandoning module PropertyEditor (137)
[2018.08.26-19.49.33:602][990]LogModuleManager: Shutting down and abandoning module DerivedDataCache (134)
[2018.08.26-19.49.33:673][990]LogDerivedDataCache: Shutdown
[2018.08.26-19.49.33:673][990]LogModuleManager: Shutting down and abandoning module TargetPlatform (132)
[2018.08.26-19.49.33:673][990]LogModuleManager: Shutting down and abandoning module VulkanShaderFormat (131)
[2018.08.26-19.49.33:673][990]LogModuleManager: Shutting down and abandoning module ShaderFormatOpenGL (129)
[2018.08.26-19.49.33:673][990]LogModuleManager: Shutting down and abandoning module ShaderFormatD3D (127)
[2018.08.26-19.49.33:673][990]LogModuleManager: Shutting down and abandoning module MetalShaderFormat (125)
[2018.08.26-19.49.33:673][990]LogModuleManager: Shutting down and abandoning module TextureFormatUncompressed (123)
[2018.08.26-19.49.33:673][990]LogModuleManager: Shutting down and abandoning module TextureFormatPVR (121)
[2018.08.26-19.49.33:673][990]LogModuleManager: Shutting down and abandoning module TextureFormatDXT (119)
[2018.08.26-19.49.33:673][990]LogModuleManager: Shutting down and abandoning module TextureFormatIntelISPCTexComp (117)
[2018.08.26-19.49.33:673][990]LogModuleManager: Shutting down and abandoning module TextureFormatASTC (115)
[2018.08.26-19.49.33:673][990]LogModuleManager: Shutting down and abandoning module ImageWrapper (114)
[2018.08.26-19.49.33:673][990]LogModuleManager: Shutting down and abandoning module TextureFormatAndroid (111)
[2018.08.26-19.49.33:673][990]LogModuleManager: Shutting down and abandoning module AudioFormatOpus (109)
[2018.08.26-19.49.33:673][990]LogModuleManager: Shutting down and abandoning module AudioFormatOgg (107)
[2018.08.26-19.49.33:673][990]LogModuleManager: Shutting down and abandoning module AudioFormatADPCM (105)
[2018.08.26-19.49.33:673][990]LogModuleManager: Shutting down and abandoning module LinuxTargetPlatform (103)
[2018.08.26-19.49.33:673][990]LogModuleManager: Shutting down and abandoning module LinuxServerTargetPlatform (101)
[2018.08.26-19.49.33:674][990]LogModuleManager: Shutting down and abandoning module LinuxNoEditorTargetPlatform (99)
[2018.08.26-19.49.33:674][990]LogModuleManager: Shutting down and abandoning module LinuxClientTargetPlatform (97)
[2018.08.26-19.49.33:674][990]LogModuleManager: Shutting down and abandoning module TVOSTargetPlatform (95)
[2018.08.26-19.49.33:674][990]LogModuleManager: Shutting down and abandoning module Messaging (93)
[2018.08.26-19.49.33:674][990]LogModuleManager: Shutting down and abandoning module IOSTargetPlatform (91)
[2018.08.26-19.49.33:674][990]LogModuleManager: Shutting down and abandoning module HTML5TargetPlatform (89)
[2018.08.26-19.49.33:674][990]LogModuleManager: Shutting down and abandoning module Android_PVRTCTargetPlatform (87)
[2018.08.26-19.49.33:674][990]LogModuleManager: Shutting down and abandoning module Android_MultiTargetPlatform (85)
[2018.08.26-19.49.33:674][990]LogModuleManager: Shutting down and abandoning module Android_ETC2TargetPlatform (83)
[2018.08.26-19.49.33:674][990]LogModuleManager: Shutting down and abandoning module Android_ETC1TargetPlatform (81)
[2018.08.26-19.49.33:674][990]LogModuleManager: Shutting down and abandoning module Android_DXTTargetPlatform (79)
[2018.08.26-19.49.33:674][990]LogModuleManager: Shutting down and abandoning module Android_ATCTargetPlatform (77)
[2018.08.26-19.49.33:674][990]LogModuleManager: Shutting down and abandoning module Android_ASTCTargetPlatform (75)
[2018.08.26-19.49.33:674][990]LogModuleManager: Shutting down and abandoning module AndroidTargetPlatform (73)
[2018.08.26-19.49.33:674][990]LogModuleManager: Shutting down and abandoning module WindowsTargetPlatform (71)
[2018.08.26-19.49.33:674][990]LogModuleManager: Shutting down and abandoning module WindowsServerTargetPlatform (69)
[2018.08.26-19.49.33:674][990]LogModuleManager: Shutting down and abandoning module WindowsNoEditorTargetPlatform (67)
[2018.08.26-19.49.33:674][990]LogModuleManager: Shutting down and abandoning module WindowsClientTargetPlatform (65)
[2018.08.26-19.49.33:674][990]LogModuleManager: Shutting down and abandoning module MacTargetPlatform (63)
[2018.08.26-19.49.33:674][990]LogModuleManager: Shutting down and abandoning module MacServerTargetPlatform (61)
[2018.08.26-19.49.33:674][990]LogModuleManager: Shutting down and abandoning module MacNoEditorTargetPlatform (59)
[2018.08.26-19.49.33:674][990]LogModuleManager: Shutting down and abandoning module MacClientTargetPlatform (57)
[2018.08.26-19.49.33:674][990]LogModuleManager: Shutting down and abandoning module AllDesktopTargetPlatform (55)
[2018.08.26-19.49.33:674][990]LogModuleManager: Shutting down and abandoning module InputCore (52)
[2018.08.26-19.49.33:674][990]LogModuleManager: Shutting down and abandoning module Settings (50)
[2018.08.26-19.49.33:674][990]LogModuleManager: Shutting down and abandoning module OculusRift (48)
[2018.08.26-19.49.33:674][990]LogModuleManager: Shutting down and abandoning module GearVR (46)
[2018.08.26-19.49.33:674][990]LogModuleManager: Shutting down and abandoning module ExampleDeviceProfileSelector (44)
[2018.08.26-19.49.33:674][990]LogModuleManager: Shutting down and abandoning module OnlineBlueprintSupport (42)
[2018.08.26-19.49.33:674][990]LogModuleManager: Shutting down and abandoning module OnlineSubsystem (38)
[2018.08.26-19.49.33:674][990]LogOnline:Display: Unloading online subsystem: NULL
[2018.08.26-19.49.33:674][990]LogModuleManager: Shutting down and abandoning module XMPP (37)
[2018.08.26-19.49.33:674][990]LogModuleManager: Shutting down and abandoning module HTTP (35)
[2018.08.26-19.49.33:674][990]LogHttp:Display: Http module shutting down, but needs to wait on 1 outstanding Http requests:
[2018.08.26-19.49.33:674][990]LogHttp:Display: 	verb=[POST] url=[https://datarouter.ol.epicgames.com/datarouter/api/v1/public/data?SessionID=%7B417E921B-4BB6-A4BA-AD9D-7BBA716EA0FB%7D&AppID=UEEditor.Rocket.Release&AppVersion=4.15.1-3348071%2B%2B%2BUE4%2BRelease-4.15&UserID=d6a894064c6f1c06c50b899247242b7e%7C4b688a7245dc4c7c90b367aaffc9d70c%7C56d9747e-489d-40c5-b6fb-8f5e62a7f4f7&AppEnvironment=datacollector-binary&UploadType=eteventstream] status=Processing
[2018.08.26-19.49.33:691][990]LogModuleManager: Shutting down and abandoning module SSL (34)
[2018.08.26-19.49.33:692][990]LogModuleManager: Shutting down and abandoning module AudioEditor (30)
[2018.08.26-19.49.33:692][990]LogModuleManager: Shutting down and abandoning module TextureCompressor (28)
[2018.08.26-19.49.33:693][990]LogModuleManager: Shutting down and abandoning module ShaderCore (26)
[2018.08.26-19.49.33:693][990]LogModuleManager: Shutting down and abandoning module Landscape (24)
[2018.08.26-19.49.33:693][990]LogModuleManager: Shutting down and abandoning module SlateRHIRenderer (22)
[2018.08.26-19.49.33:694][990]LogModuleManager: Shutting down and abandoning module OpenGLDrv (20)
[2018.08.26-19.49.33:694][990]LogModuleManager: Shutting down and abandoning module D3D11RHI (18)
[2018.08.26-19.49.33:694][990]LogModuleManager: Shutting down and abandoning module AnimGraphRuntime (16)
[2018.08.26-19.49.33:694][990]LogModuleManager: Shutting down and abandoning module Renderer (14)
[2018.08.26-19.49.33:694][990]LogModuleManager: Shutting down and abandoning module Engine (12)
[2018.08.26-19.49.33:694][990]LogModuleManager: Shutting down and abandoning module CoreUObject (10)
[2018.08.26-19.49.33:694][990]LogModuleManager: Shutting down and abandoning module NetworkFile (8)
[2018.08.26-19.49.33:695][990]LogModuleManager: Shutting down and abandoning module StreamingFile (6)
[2018.08.26-19.49.33:695][990]LogModuleManager: Shutting down and abandoning module SandboxFile (4)
[2018.08.26-19.49.33:695][990]LogModuleManager: Shutting down and abandoning module PakFile (2)
[2018.08.26-19.49.33:699][990]LogExit: Exiting.
[2018.08.26-19.49.33:714][990]Log file closed, 08/26/18 13:49:33
